<?xml version="1.0" encoding="UTF-8"?>
<coverage generated="1737134751357" clover="3.2.0">
  <project timestamp="1737134751357" name="All files">
    <metrics statements="28" coveredstatements="11" conditionals="5" coveredconditionals="0" methods="8" coveredmethods="4" elements="41" coveredelements="15" complexity="0" loc="28" ncloc="28" packages="1" files="2" classes="2"/>
    <file name="backendReq.tsx" path="C:\Users\hp\OneDrive\Desktop\TestingInReact\my-vite-app\src\component\backendReq.tsx">
      <metrics statements="11" coveredstatements="11" conditionals="0" coveredconditionals="0" methods="4" coveredmethods="4"/>
      <line num="1" count="1" type="stmt"/>
      <line num="7" count="1" type="stmt"/>
      <line num="8" count="1" type="stmt"/>
      <line num="12" count="1" type="stmt"/>
      <line num="20" count="1" type="stmt"/>
      <line num="21" count="1" type="stmt"/>
      <line num="25" count="1" type="stmt"/>
      <line num="26" count="3" type="stmt"/>
      <line num="29" count="2" type="stmt"/>
      <line num="32" count="1" type="stmt"/>
      <line num="37" count="2" type="stmt"/>
    </file>
    <file name="button.tsx" path="C:\Users\hp\OneDrive\Desktop\TestingInReact\my-vite-app\src\component\button.tsx">
      <metrics statements="17" coveredstatements="0" conditionals="5" coveredconditionals="0" methods="4" coveredmethods="0"/>
      <line num="1" count="0" type="stmt"/>
      <line num="5" count="0" type="stmt"/>
      <line num="6" count="0" type="stmt"/>
      <line num="7" count="0" type="stmt"/>
      <line num="8" count="0" type="stmt"/>
      <line num="9" count="0" type="stmt"/>
      <line num="10" count="0" type="stmt"/>
      <line num="11" count="0" type="stmt"/>
      <line num="12" count="0" type="stmt"/>
      <line num="16" count="0" type="stmt"/>
      <line num="20" count="0" type="cond" truecount="0" falsecount="1"/>
      <line num="23" count="0" type="stmt"/>
      <line num="26" count="0" type="stmt"/>
      <line num="33" count="0" type="stmt"/>
      <line num="35" count="0" type="stmt"/>
      <line num="37" count="0" type="stmt"/>
      <line num="48" count="0" type="stmt"/>
    </file>
  </project>
</coverage>
