{"C:\\Users\\hp\\OneDrive\\Desktop\\TestingInReact\\my-vite-app\\src\\component\\backendReq.tsx": {"path":"C:\\Users\\hp\\OneDrive\\Desktop\\TestingInReact\\my-vite-app\\src\\component\\backendReq.tsx","statementMap":{"0":{"start":{"line":1,"column":0},"end":{"line":1,"column":69}},"1":{"start":{"line":7,"column":27},"end":{"line":23,"column":1}},"2":{"start":{"line":8,"column":17},"end":{"line":11,"column":null}},"3":{"start":{"line":12,"column":22},"end":{"line":19,"column":6}},"4":{"start":{"line":20,"column":25},"end":{"line":20,"column":46}},"5":{"start":{"line":21,"column":2},"end":{"line":21,"column":null}},"6":{"start":{"line":25,"column":25},"end":{"line":47,"column":1}},"7":{"start":{"line":26,"column":29},"end":{"line":26,"column":50}},"8":{"start":{"line":29,"column":4},"end":{"line":45,"column":null}},"9":{"start":{"line":32,"column":12},"end":{"line":32,"column":null}},"10":{"start":{"line":37,"column":11},"end":{"line":39,"column":null}},"11":{"start":{"line":25,"column":13},"end":{"line":25,"column":25}}},"fnMap":{"0":{"name":"(anonymous_0)","decl":{"start":{"line":7,"column":27},"end":{"line":7,"column":32}},"loc":{"start":{"line":7,"column":79},"end":{"line":23,"column":1}}},"1":{"name":"(anonymous_1)","decl":{"start":{"line":25,"column":25},"end":{"line":25,"column":27}},"loc":{"start":{"line":25,"column":29},"end":{"line":47,"column":1}}},"2":{"name":"(anonymous_2)","decl":{"start":{"line":31,"column":29},"end":{"line":31,"column":31}},"loc":{"start":{"line":31,"column":33},"end":{"line":33,"column":13}}},"3":{"name":"(anonymous_3)","decl":{"start":{"line":36,"column":22},"end":{"line":36,"column":26}},"loc":{"start":{"line":37,"column":11},"end":{"line":39,"column":null}}}},"branchMap":{},"s":{"0":1,"1":1,"2":1,"3":1,"4":1,"5":1,"6":1,"7":3,"8":2,"9":1,"10":2,"11":1},"f":{"0":1,"1":3,"2":1,"3":2},"b":{}}
,"C:\\Users\\hp\\OneDrive\\Desktop\\TestingInReact\\my-vite-app\\src\\component\\button.tsx": {"path":"C:\\Users\\hp\\OneDrive\\Desktop\\TestingInReact\\my-vite-app\\src\\component\\button.tsx","statementMap":{"0":{"start":{"line":1,"column":0},"end":{"line":1,"column":40}},"1":{"start":{"line":5,"column":16},"end":{"line":46,"column":1}},"2":{"start":{"line":6,"column":25},"end":{"line":6,"column":37}},"3":{"start":{"line":7,"column":33},"end":{"line":7,"column":45}},"4":{"start":{"line":8,"column":21},"end":{"line":8,"column":33}},"5":{"start":{"line":9,"column":22},"end":{"line":31,"column":3}},"6":{"start":{"line":10,"column":4},"end":{"line":10,"column":23}},"7":{"start":{"line":11,"column":0},"end":{"line":28,"column":1}},"8":{"start":{"line":12,"column":13},"end":{"line":15,"column":null}},"9":{"start":{"line":16,"column":18},"end":{"line":19,"column":4}},"10":{"start":{"line":20,"column":2},"end":{"line":24,"column":3}},"11":{"start":{"line":23,"column":2},"end":{"line":23,"column":21}},"12":{"start":{"line":26,"column":2},"end":{"line":26,"column":25}},"13":{"start":{"line":33,"column":2},"end":{"line":45,"column":null}},"14":{"start":{"line":35,"column":41},"end":{"line":35,"column":65}},"15":{"start":{"line":37,"column":52},"end":{"line":37,"column":79}},"16":{"start":{"line":48,"column":0},"end":{"line":48,"column":22}}},"fnMap":{"0":{"name":"(anonymous_0)","decl":{"start":{"line":5,"column":16},"end":{"line":5,"column":19}},"loc":{"start":{"line":5,"column":21},"end":{"line":46,"column":1}}},"1":{"name":"(anonymous_1)","decl":{"start":{"line":9,"column":22},"end":{"line":9,"column":27}},"loc":{"start":{"line":9,"column":50},"end":{"line":31,"column":3}}},"2":{"name":"(anonymous_2)","decl":{"start":{"line":35,"column":36},"end":{"line":35,"column":37}},"loc":{"start":{"line":35,"column":41},"end":{"line":35,"column":65}}},"3":{"name":"(anonymous_3)","decl":{"start":{"line":37,"column":47},"end":{"line":37,"column":48}},"loc":{"start":{"line":37,"column":52},"end":{"line":37,"column":79}}}},"branchMap":{"0":{"loc":{"start":{"line":20,"column":2},"end":{"line":24,"column":3}},"type":"if","locations":[{"start":{"line":20,"column":2},"end":{"line":24,"column":3}}]},"1":{"loc":{"start":{"line":40,"column":6},"end":{"line":40,"column":55}},"type":"binary-expr","locations":[{"start":{"line":40,"column":6},"end":{"line":40,"column":23}},{"start":{"line":40,"column":28},"end":{"line":40,"column":55}}]},"2":{"loc":{"start":{"line":43,"column":6},"end":{"line":43,"column":64}},"type":"binary-expr","locations":[{"start":{"line":43,"column":6},"end":{"line":43,"column":27}},{"start":{"line":43,"column":32},"end":{"line":43,"column":64}}]}},"s":{"0":0,"1":0,"2":0,"3":0,"4":0,"5":0,"6":0,"7":0,"8":0,"9":0,"10":0,"11":0,"12":0,"13":0,"14":0,"15":0,"16":0},"f":{"0":0,"1":0,"2":0,"3":0},"b":{"0":[0],"1":[0,0],"2":[0,0]}}
}
