TN:
SF:src\component\backendReq.tsx
FN:7,(anonymous_0)
FN:25,(anonymous_1)
FN:31,(anonymous_2)
FN:36,(anonymous_3)
FNF:4
FNH:4
FNDA:1,(anonymous_0)
FNDA:3,(anonymous_1)
FNDA:1,(anonymous_2)
FNDA:2,(anonymous_3)
DA:1,1
DA:7,1
DA:8,1
DA:12,1
DA:20,1
DA:21,1
DA:25,1
DA:26,3
DA:29,2
DA:32,1
DA:37,2
LF:11
LH:11
BRF:0
BRH:0
end_of_record
TN:
SF:src\component\button.tsx
FN:5,(anonymous_0)
FN:9,(anonymous_1)
FN:35,(anonymous_2)
FN:37,(anonymous_3)
FNF:4
FNH:0
FNDA:0,(anonymous_0)
FNDA:0,(anonymous_1)
FNDA:0,(anonymous_2)
FNDA:0,(anonymous_3)
DA:1,0
DA:5,0
DA:6,0
DA:7,0
DA:8,0
DA:9,0
DA:10,0
DA:11,0
DA:12,0
DA:16,0
DA:20,0
DA:23,0
DA:26,0
DA:33,0
DA:35,0
DA:37,0
DA:48,0
LF:17
LH:0
BRDA:20,0,0,0
BRDA:40,1,0,0
BRDA:40,1,1,0
BRDA:43,2,0,0
BRDA:43,2,1,0
BRF:5
BRH:0
end_of_record
